[LOG - 14.4915772s] Creating mail
[LOG - 23.2218284s] Username: 'baller'
[LOG - 23.2290385s] Password: '808'
[LOG - 23.2387587s] E-mail: fobib77616@huekieu.com
[LOG - 37.3100616s] Create discord account
[LOG - 39.8008011s] Captcha not found
[LOG - 39.8055353s] Verifying mail
[LOG - 39.8553075s] Done
[LOG - 1.3027223s] Creating mail
[LOG - 2.3023244s] Creating mail
[LOG - 1.3535991s] Creating mail
[LOG - 9.7191939s] Username: 'baller'
[LOG - 9.7351188s] Password: '8088888888888888888'
[LOG - 9.7363665s] E-mail: cates62853@huekieu.com
[LOG - 15.6382898s] Create discord account
[LOG - 19.5912494s] Captcha found
[LOG - 19.6171501s] Captcha - Error
[LOG - 19.6316039s] Captcha - Error
[LOG - 19.6455434s] Captcha - Error
[LOG - 19.6554397s] Captcha - Error
[LOG - 19.6728067s] Captcha - Error
[LOG - 19.6942391s] Captcha - Error
[LOG - 19.7195126s] Captcha - Error
[LOG - 19.7371306s] Captcha - Error
[LOG - 19.7559997s] Captcha - Error
[LOG - 19.7742039s] Captcha - Error
[LOG - 19.7866873s] Captcha - Error
[LOG - 19.8065074s] Captcha - Error
[LOG - 19.8195298s] Captcha - Error
[LOG - 19.8368581s] Captcha - Error
[LOG - 19.8470722s] Captcha - Error
[LOG - 19.8569904s] Captcha - Error
[LOG - 19.8737606s] Captcha - Error
[LOG - 19.8872296s] Captcha - Error
[LOG - 19.9026101s] Captcha - Error
[LOG - 19.9145954s] Captcha - Error
[LOG - 19.9242602s] Captcha - Error
[LOG - 19.9433111s] Captcha - Error
[LOG - 19.9548041s] Captcha - Error
[LOG - 19.9722843s] Captcha - Error
[LOG - 19.9857438s] Captcha - Error
[LOG - 20.0047253s] Captcha - Error
[LOG - 20.0199817s] Captcha - Error
[LOG - 20.0385404s] Captcha - Error
[LOG - 20.0548429s] Captcha - Error
[LOG - 20.0768084s] Captcha - Error
[LOG - 20.0923702s] Captcha - Error
[LOG - 20.1141723s] Captcha - Error
[LOG - 20.135989s] Captcha - Error
[LOG - 20.1541423s] Captcha - Error
[LOG - 20.171479s] Captcha - Error
[LOG - 20.1860243s] Captcha - Error
[LOG - 20.2050358s] Captcha - Error
[LOG - 20.2212276s] Captcha - Error
[LOG - 20.2405606s] Captcha - Error
[LOG - 20.251998s] Captcha - Error
[LOG - 20.2692826s] Captcha - Error
[LOG - 20.2864912s] Captcha - Error
[LOG - 20.3081068s] Captcha - Error
[LOG - 20.3228132s] Captcha - Error
[LOG - 20.3563515s] Captcha - Error
[LOG - 20.3956402s] Captcha - Error
[LOG - 20.4192075s] Captcha - Error
[LOG - 20.4761473s] Captcha - Error
[LOG - 20.5108121s] Captcha - Error
[LOG - 20.5430766s] Captcha - Error
[LOG - 20.5988037s] Captcha - Error
[LOG - 20.622183s] Captcha - Error
[LOG - 20.6485522s] Captcha - Error
[LOG - 20.6762374s] Captcha - Error
[LOG - 20.7011665s] Captcha - Error
[LOG - 20.7182478s] Captcha - Error
[LOG - 20.7386306s] Captcha - Error
[LOG - 20.753681s] Captcha - Error
[LOG - 20.7749025s] Captcha - Error
[LOG - 20.7923046s] Captcha - Error
[LOG - 20.8129489s] Captcha - Error
[LOG - 20.8328333s] Captcha - Error
[LOG - 20.8488813s] Captcha - Error
[LOG - 20.8655694s] Captcha - Error
[LOG - 20.8814024s] Captcha - Error
[LOG - 20.9040342s] Captcha - Error
[LOG - 20.9155883s] Captcha - Error
[LOG - 20.9263656s] Captcha - Error
[LOG - 20.9462449s] Captcha - Error
[LOG - 20.9672471s] Captcha - Error
[LOG - 20.9792868s] Captcha - Error
[LOG - 20.9910359s] Captcha - Error
[LOG - 21.0096426s] Captcha - Error
[LOG - 21.0219342s] Captcha - Error
[LOG - 21.0400698s] Captcha - Error
[LOG - 21.053915s] Captcha - Error
[LOG - 21.0756853s] Captcha - Error
[LOG - 21.0898035s] Captcha - Error
[LOG - 21.10427s] Captcha - Error
[LOG - 21.1133912s] Captcha - Error
[LOG - 21.1258146s] Captcha - Error
[LOG - 21.1443795s] Captcha - Error
[LOG - 21.1827402s] Captcha - Error
[LOG - 21.206399s] Captcha - Error
[LOG - 21.219237s] Captcha - Error
[LOG - 21.2355971s] Captcha - Error
[LOG - 21.2506532s] Captcha - Error
[LOG - 21.2702962s] Captcha - Error
[LOG - 21.2861458s] Captcha - Error
[LOG - 21.3039566s] Captcha - Error
[LOG - 21.3184031s] Captcha - Error
[LOG - 21.3343641s] Captcha - Error
[LOG - 21.3576144s] Captcha - Error
[LOG - 21.3797305s] Captcha - Error
[LOG - 21.4000752s] Captcha - Error
[LOG - 21.4135161s] Captcha - Error
[LOG - 21.4318123s] Captcha - Error
[LOG - 21.446199s] Captcha - Error
[LOG - 21.4650775s] Captcha - Error
[LOG - 21.4844149s] Captcha - Error
[LOG - 21.5089105s] Captcha - Error
[LOG - 21.5284171s] Captcha - Error
[LOG - 21.7775505s] Captcha passed
[LOG - 21.7781248s] Verifying mail
[LOG - 28.6894417s] Token: OTMyMDg5Njg3MzMyNDk1NDEw.YeN6Ng.urN67H8Hum5N-AAlcyLxXaoxABM
[LOG - 33.9999355s] Account verified
[LOG - 34.0003478s] Complete infos
[LOG - 34.0017264s] Done
[LOG - 34.0419478s] Captcha not found
